2025-06-11 19:54:30,302 INFO o.a.j.u.JMeterUtils: Setting Locale to en_EN
2025-06-11 19:54:30,345 INFO o.a.j.JMeter: Loading user properties from: /Users/ilyasmazhar/Downloads/apache-jmeter-5.6.2/bin/user.properties
2025-06-11 19:54:30,346 INFO o.a.j.JMeter: Loading system properties from: /Users/ilyasmazhar/Downloads/apache-jmeter-5.6.2/bin/system.properties
2025-06-11 19:54:30,353 INFO o.a.j.JMeter: Copyright (c) 1998-2023 The Apache Software Foundation
2025-06-11 19:54:30,353 INFO o.a.j.JMeter: Version 5.6.2
2025-06-11 19:54:30,353 INFO o.a.j.JMeter: java.version=18.0.2
2025-06-11 19:54:30,353 INFO o.a.j.JMeter: java.vm.name=OpenJDK 64-Bit Server VM
2025-06-11 19:54:30,353 INFO o.a.j.JMeter: os.name=Mac OS X
2025-06-11 19:54:30,353 INFO o.a.j.JMeter: os.arch=x86_64
2025-06-11 19:54:30,354 INFO o.a.j.JMeter: os.version=13.6.5
2025-06-11 19:54:30,354 INFO o.a.j.JMeter: file.encoding=UTF-8
2025-06-11 19:54:30,354 INFO o.a.j.JMeter: java.awt.headless=null
2025-06-11 19:54:30,354 INFO o.a.j.JMeter: Max memory     =1073741824
2025-06-11 19:54:30,354 INFO o.a.j.JMeter: Available Processors =8
2025-06-11 19:54:30,365 INFO o.a.j.JMeter: Default Locale=English (EN)
2025-06-11 19:54:30,365 INFO o.a.j.JMeter: JMeter  Locale=English (EN)
2025-06-11 19:54:30,365 INFO o.a.j.JMeter: JMeterHome=/Users/ilyasmazhar/Downloads/apache-jmeter-5.6.2
2025-06-11 19:54:30,365 INFO o.a.j.JMeter: user.dir  =/Users/ilyasmazhar/jmeter-gh
2025-06-11 19:54:30,365 INFO o.a.j.JMeter: PWD       =/Users/ilyasmazhar/jmeter-gh
2025-06-11 19:54:30,391 INFO o.a.j.JMeter: IP: 10.4.85.74 Name: NIS-PK526.local FullName: 10.4.85.74
